<?xml version="1.0" encoding="UTF-8"?>
<!-- Generated by org.testng.reporters.JUnitReportReporter -->
<testsuite skipped="0" hostname="LENOVO-PC" name="testCases.TC_001" tests="1" failures="0" timestamp="16 Feb 2018 05:15:54 GMT" time="49.100" errors="0">
  <testcase name="execute" time="49.100" classname="testCases.TC_001"/>
</testsuite> <!-- testCases.TC_001 -->
