<?xml version="1.0" encoding="UTF-8"?>
<!-- Generated by org.testng.reporters.JUnitReportReporter -->
<testsuite skipped="0" hostname="LENOVO-PC" name="testCases.TC_001" tests="1" failures="0" timestamp="14 Feb 2018 05:56:00 GMT" time="27.076" errors="0">
  <testcase name="execute" time="27.076" classname="testCases.TC_001"/>
</testsuite> <!-- testCases.TC_001 -->
